Determining if the pthread_create exist failed with the following output:
Change Dir: /home/josh/mybot_ws/build/CMakeFiles/CMakeTmp

Run Build Command:"/usr/bin/make" "cmTC_9db71/fast"
/usr/bin/make -f CMakeFiles/cmTC_9db71.dir/build.make CMakeFiles/cmTC_9db71.dir/build
make[1]: Entering directory '/home/josh/mybot_ws/build/CMakeFiles/CMakeTmp'
Building C object CMakeFiles/cmTC_9db71.dir/CheckSymbolExists.c.o
/usr/bin/cc     -o CMakeFiles/cmTC_9db71.dir/CheckSymbolExists.c.o   -c /home/josh/mybot_ws/build/CMakeFiles/CMakeTmp/CheckSymbolExists.c
Linking C executable cmTC_9db71
/usr/bin/cmake -E cmake_link_script CMakeFiles/cmTC_9db71.dir/link.txt --verbose=1
/usr/bin/cc       CMakeFiles/cmTC_9db71.dir/CheckSymbolExists.c.o  -o cmTC_9db71 -rdynamic 
CMakeFiles/cmTC_9db71.dir/CheckSymbolExists.c.o：在函数‘main’中：
CheckSymbolExists.c:(.text+0x16)：对‘pthread_create’未定义的引用
collect2: error: ld returned 1 exit status
CMakeFiles/cmTC_9db71.dir/build.make:97: recipe for target 'cmTC_9db71' failed
make[1]: *** [cmTC_9db71] Error 1
make[1]: Leaving directory '/home/josh/mybot_ws/build/CMakeFiles/CMakeTmp'
Makefile:126: recipe for target 'cmTC_9db71/fast' failed
make: *** [cmTC_9db71/fast] Error 2

File /home/josh/mybot_ws/build/CMakeFiles/CMakeTmp/CheckSymbolExists.c:
/* */
#include <pthread.h>

int main(int argc, char** argv)
{
  (void)argv;
#ifndef pthread_create
  return ((int*)(&pthread_create))[argc];
#else
  (void)argc;
  return 0;
#endif
}

Determining if the function pthread_create exists in the pthreads failed with the following output:
Change Dir: /home/josh/mybot_ws/build/CMakeFiles/CMakeTmp

Run Build Command:"/usr/bin/make" "cmTC_848eb/fast"
/usr/bin/make -f CMakeFiles/cmTC_848eb.dir/build.make CMakeFiles/cmTC_848eb.dir/build
make[1]: Entering directory '/home/josh/mybot_ws/build/CMakeFiles/CMakeTmp'
Building C object CMakeFiles/cmTC_848eb.dir/CheckFunctionExists.c.o
/usr/bin/cc    -DCHECK_FUNCTION_EXISTS=pthread_create   -o CMakeFiles/cmTC_848eb.dir/CheckFunctionExists.c.o   -c /usr/share/cmake-3.5/Modules/CheckFunctionExists.c
Linking C executable cmTC_848eb
/usr/bin/cmake -E cmake_link_script CMakeFiles/cmTC_848eb.dir/link.txt --verbose=1
/usr/bin/cc   -DCHECK_FUNCTION_EXISTS=pthread_create    CMakeFiles/cmTC_848eb.dir/CheckFunctionExists.c.o  -o cmTC_848eb -rdynamic -lpthreads 
/usr/bin/ld: 找不到 -lpthreads
collect2: error: ld returned 1 exit status
CMakeFiles/cmTC_848eb.dir/build.make:97: recipe for target 'cmTC_848eb' failed
make[1]: *** [cmTC_848eb] Error 1
make[1]: Leaving directory '/home/josh/mybot_ws/build/CMakeFiles/CMakeTmp'
Makefile:126: recipe for target 'cmTC_848eb/fast' failed
make: *** [cmTC_848eb/fast] Error 2


